<?xml version='1.0'?>
<ns2:test-suite xmlns:ns2='urn:model.allure.qatools.yandex.ru' start='1653226742652' stop='1653226751058'>
    <name>Herokuapp Advertisement App</name>
    <title>Herokuapp Advertisement App</title>
    <test-cases>
        <test-case start='1653226742653' status='pending' stop='1653226742654'>
            <name>1.Validate the title of the page</name>
            <title>1.Validate the title of the page</title>
            <labels/>
            <parameters/>
            <steps/>
            <attachments/>
            <failure>
                <message>Test ignored</message>
                <stack-trace>undefined</stack-trace>
            </failure>
        </test-case>
        <test-case start='1653226742654' status='pending' stop='1653226742654'>
            <name>2.Validate the fields present on the create advertisement page</name>
            <title>2.Validate the fields present on the create advertisement page</title>
            <labels/>
            <parameters/>
            <steps/>
            <attachments/>
            <failure>
                <message>Test ignored</message>
                <stack-trace>undefined</stack-trace>
            </failure>
        </test-case>
        <test-case start='1653226742655' status='pending' stop='1653226742655'>
            <name>3.Verify the mandatory fields present on the create advertisement page</name>
            <title>3.Verify the mandatory fields present on the create advertisement page</title>
            <labels/>
            <parameters/>
            <steps/>
            <attachments/>
            <failure>
                <message>Test ignored</message>
                <stack-trace>undefined</stack-trace>
            </failure>
        </test-case>
        <test-case start='1653226742655' status='pending' stop='1653226742656'>
            <name>4.Create new advertisements succesfully using Json file</name>
            <title>4.Create new advertisements succesfully using Json file</title>
            <labels/>
            <parameters/>
            <steps/>
            <attachments/>
            <failure>
                <message>Test ignored</message>
                <stack-trace>undefined</stack-trace>
            </failure>
        </test-case>
        <test-case start='1653226742656' status='pending' stop='1653226742656'>
            <name>5.Verify the advertisement are displayed successfully after creation</name>
            <title>5.Verify the advertisement are displayed successfully after creation</title>
            <labels/>
            <parameters/>
            <steps/>
            <attachments/>
            <failure>
                <message>Test ignored</message>
                <stack-trace>undefined</stack-trace>
            </failure>
        </test-case>
        <test-case start='1653226742656' status='pending' stop='1653226742656'>
            <name>6.Edit the existing advertisement</name>
            <title>6.Edit the existing advertisement</title>
            <labels/>
            <parameters/>
            <steps/>
            <attachments/>
            <failure>
                <message>Test ignored</message>
                <stack-trace>undefined</stack-trace>
            </failure>
        </test-case>
        <test-case start='1653226742657' status='passed' stop='1653226751056'>
            <name>7.Verify if the list of advertisements are getting sorted successfully</name>
            <title>7.Verify if the list of advertisements are getting sorted successfully</title>
            <labels>
                <label name='language' value='javascript'/>
                <label name='framework' value='wdio'/>
                <label name='thread' value='0-0'/>
            </labels>
            <parameters>
                <parameter kind='argument' name='browser' value='chrome-101.0.4951.54'/>
            </parameters>
            <steps>
                <step start='1653226742672' status='passed' stop='1653226749553'>
                    <name>POST /session/:sessionId/url</name>
                    <title>POST /session/:sessionId/url</title>
                    <attachments>
                        <attachment title='Request' source='fa3237c1-f99a-4c9b-b7e5-3a055cc50976-attachment.json' type='application/json' size='71'/>
                    </attachments>
                    <steps/>
                </step>
                <step start='1653226749558' status='passed' stop='1653226750277'>
                    <name>POST /session/:sessionId/element</name>
                    <title>POST /session/:sessionId/element</title>
                    <attachments>
                        <attachment title='Request' source='41661d99-8f48-4465-88ae-b6316525a3b6-attachment.json' type='application/json' size='75'/>
                        <attachment title='Response' source='513ff494-ee83-4150-96e5-05d46b1c107e-attachment.json' type='application/json' size='83'/>
                    </attachments>
                    <steps>
                        <step start='1653226749568' status='passed' stop='1653226749625'>
                            <name>POST /session/:sessionId/window/maximize</name>
                            <title>POST /session/:sessionId/window/maximize</title>
                            <attachments>
                                <attachment title='Response' source='cccbe055-69f0-4584-b9fa-a762c5cc3f17-attachment.json' type='application/json' size='1062'/>
                            </attachments>
                            <steps/>
                        </step>
                        <step start='1653226749650' status='passed' stop='1653226750027'>
                            <name>POST /session/:sessionId/elements</name>
                            <title>POST /session/:sessionId/elements</title>
                            <attachments>
                                <attachment title='Request' source='2d310ddd-4148-4111-a88f-a2f24873390e-attachment.json' type='application/json' size='62'/>
                                <attachment title='Response' source='3c164865-674d-43f3-b637-78d48a376a6c-attachment.json' type='application/json' size='184'/>
                            </attachments>
                            <steps>
                                <step start='1653226749699' status='passed' stop='1653226749914'>
                                    <name>POST /session/:sessionId/elements</name>
                                    <title>POST /session/:sessionId/elements</title>
                                    <attachments>
                                        <attachment title='Request' source='03a5a363-a4bb-4996-8d6b-29965cce4cb0-attachment.json' type='application/json' size='75'/>
                                        <attachment title='Response' source='abcbf215-c58a-4128-a307-d9d2e591777e-attachment.json' type='application/json' size='58'/>
                                    </attachments>
                                    <steps/>
                                </step>
                            </steps>
                        </step>
                        <step start='1653226750053' status='passed' stop='1653226750244'>
                            <name>GET /session/:sessionId/element/a90077fc-d0d1-4635-9c1b-586665b6645c/text</name>
                            <title>GET /session/:sessionId/element/a90077fc-d0d1-4635-9c1b-586665b6645c/text</title>
                            <attachments>
                                <attachment title='Response' source='8b75c706-beaf-44a6-b3e6-b36f10b1120d-attachment.json' type='application/json' size='12'/>
                            </attachments>
                            <steps>
                                <step start='1653226750058' status='passed' stop='1653226750071'>
                                    <name>GET /session/:sessionId/element/591168a2-159c-41de-a034-5729781bd51c/text</name>
                                    <title>GET /session/:sessionId/element/591168a2-159c-41de-a034-5729781bd51c/text</title>
                                    <attachments>
                                        <attachment title='Response' source='13e40fae-8414-4f9d-a58d-6eba7396c6a1-attachment.json' type='application/json' size='93'/>
                                    </attachments>
                                    <steps/>
                                </step>
                                <step start='1653226750080' status='passed' stop='1653226750159'>
                                    <name>POST /session/:sessionId/element</name>
                                    <title>POST /session/:sessionId/element</title>
                                    <attachments>
                                        <attachment title='Request' source='f1d1d7bf-aabd-4d2a-9639-3b21693575f9-attachment.json' type='application/json' size='75'/>
                                        <attachment title='Response' source='c67c12ec-e662-409b-b2f5-8bcca7c954d4-attachment.json' type='application/json' size='13'/>
                                    </attachments>
                                    <steps/>
                                </step>
                            </steps>
                        </step>
                    </steps>
                </step>
                <step start='1653226750283' status='passed' stop='1653226750378'>
                    <name>POST /session/:sessionId/element/e8b2ace8-da46-4d6f-882b-1ba20c3b86ed/click</name>
                    <title>POST /session/:sessionId/element/e8b2ace8-da46-4d6f-882b-1ba20c3b86ed/click</title>
                    <attachments/>
                    <steps/>
                </step>
            </steps>
            <attachments/>
        </test-case>
        <test-case start='1653226751057' status='pending' stop='1653226751057'>
            <name>8.Verify the format of price</name>
            <title>8.Verify the format of price</title>
            <labels/>
            <parameters/>
            <steps/>
            <attachments/>
            <failure>
                <message>Test ignored</message>
                <stack-trace>undefined</stack-trace>
            </failure>
        </test-case>
        <test-case start='1653226751057' status='pending' stop='1653226751057'>
            <name>9.Verify on what condition, the save button is getting enabled??</name>
            <title>9.Verify on what condition, the save button is getting enabled??</title>
            <labels/>
            <parameters/>
            <steps/>
            <attachments/>
            <failure>
                <message>Test ignored</message>
                <stack-trace>undefined</stack-trace>
            </failure>
        </test-case>
    </test-cases>
</ns2:test-suite>