<?xml version='1.0'?>
<ns2:test-suite xmlns:ns2='urn:model.allure.qatools.yandex.ru' start='1653226579838' stop='1653226589794'>
    <name>Herokuapp Advertisement App</name>
    <title>Herokuapp Advertisement App</title>
    <test-cases>
        <test-case start='1653226579839' status='pending' stop='1653226579839'>
            <name>1.Validate the title of the page</name>
            <title>1.Validate the title of the page</title>
            <labels/>
            <parameters/>
            <steps/>
            <attachments/>
            <failure>
                <message>Test ignored</message>
                <stack-trace>undefined</stack-trace>
            </failure>
        </test-case>
        <test-case start='1653226579840' status='pending' stop='1653226579840'>
            <name>2.Validate the fields present on the create advertisement page</name>
            <title>2.Validate the fields present on the create advertisement page</title>
            <labels/>
            <parameters/>
            <steps/>
            <attachments/>
            <failure>
                <message>Test ignored</message>
                <stack-trace>undefined</stack-trace>
            </failure>
        </test-case>
        <test-case start='1653226579840' status='pending' stop='1653226579840'>
            <name>3.Verify the mandatory fields present on the create advertisement page</name>
            <title>3.Verify the mandatory fields present on the create advertisement page</title>
            <labels/>
            <parameters/>
            <steps/>
            <attachments/>
            <failure>
                <message>Test ignored</message>
                <stack-trace>undefined</stack-trace>
            </failure>
        </test-case>
        <test-case start='1653226579841' status='pending' stop='1653226579841'>
            <name>4.Create new advertisements succesfully using Json file</name>
            <title>4.Create new advertisements succesfully using Json file</title>
            <labels/>
            <parameters/>
            <steps/>
            <attachments/>
            <failure>
                <message>Test ignored</message>
                <stack-trace>undefined</stack-trace>
            </failure>
        </test-case>
        <test-case start='1653226579841' status='pending' stop='1653226579841'>
            <name>5.Verify the advertisement are displayed successfully after creation</name>
            <title>5.Verify the advertisement are displayed successfully after creation</title>
            <labels/>
            <parameters/>
            <steps/>
            <attachments/>
            <failure>
                <message>Test ignored</message>
                <stack-trace>undefined</stack-trace>
            </failure>
        </test-case>
        <test-case start='1653226579842' status='passed' stop='1653226589792'>
            <name>6.Edit the existing advertisement</name>
            <title>6.Edit the existing advertisement</title>
            <labels>
                <label name='language' value='javascript'/>
                <label name='framework' value='wdio'/>
                <label name='thread' value='0-0'/>
            </labels>
            <parameters>
                <parameter kind='argument' name='browser' value='chrome-101.0.4951.54'/>
            </parameters>
            <steps>
                <step start='1653226579846' status='passed' stop='1653226586328'>
                    <name>POST /session/:sessionId/url</name>
                    <title>POST /session/:sessionId/url</title>
                    <attachments>
                        <attachment title='Request' source='e83f774f-23c1-4927-961c-8bcb3ac1421d-attachment.json' type='application/json' size='71'/>
                    </attachments>
                    <steps/>
                </step>
                <step start='1653226586329' status='passed' stop='1653226586468'>
                    <name>POST /session/:sessionId/window/maximize</name>
                    <title>POST /session/:sessionId/window/maximize</title>
                    <attachments>
                        <attachment title='Response' source='c047648a-050a-4490-9f5a-1f0c88b370b9-attachment.json' type='application/json' size='58'/>
                    </attachments>
                    <steps/>
                </step>
                <step start='1653226587338' status='passed' stop='1653226587422'>
                    <name>POST /session/:sessionId/elements</name>
                    <title>POST /session/:sessionId/elements</title>
                    <attachments>
                        <attachment title='Request' source='ba8f2784-78ea-49f3-97a5-27581dd2a791-attachment.json' type='application/json' size='47'/>
                        <attachment title='Response' source='e65e89a4-2f7b-435a-ad58-97f2192c4e85-attachment.json' type='application/json' size='184'/>
                    </attachments>
                    <steps/>
                </step>
                <step start='1653226587439' status='passed' stop='1653226587528'>
                    <name>POST /session/:sessionId/actions</name>
                    <title>POST /session/:sessionId/actions</title>
                    <attachments>
                        <attachment title='Request' source='a5c66953-17ce-4a57-9804-6f33ac32827a-attachment.json' type='application/json' size='5368'/>
                    </attachments>
                    <steps/>
                </step>
                <step start='1653226588531' status='passed' stop='1653226588569'>
                    <name>POST /session/:sessionId/element</name>
                    <title>POST /session/:sessionId/element</title>
                    <attachments>
                        <attachment title='Request' source='7f9f2467-29ed-4447-9fc0-742d75b771ec-attachment.json' type='application/json' size='65'/>
                        <attachment title='Response' source='4e8ce354-1e81-41c9-8bb2-d1ec0af6b118-attachment.json' type='application/json' size='83'/>
                    </attachments>
                    <steps/>
                </step>
                <step start='1653226588576' status='passed' stop='1653226588643'>
                    <name>POST /session/:sessionId/element/012b881b-2a71-4b69-abac-68583dd05c11/click</name>
                    <title>POST /session/:sessionId/element/012b881b-2a71-4b69-abac-68583dd05c11/click</title>
                    <attachments/>
                    <steps/>
                </step>
                <step start='1653226588644' status='passed' stop='1653226588681'>
                    <name>POST /session/:sessionId/element</name>
                    <title>POST /session/:sessionId/element</title>
                    <attachments>
                        <attachment title='Request' source='9b2a5c03-6ce8-4370-af8f-bb6e56148691-attachment.json' type='application/json' size='79'/>
                        <attachment title='Response' source='e126607c-8063-4cb3-afc2-11e639bd60c0-attachment.json' type='application/json' size='83'/>
                    </attachments>
                    <steps/>
                </step>
                <step start='1653226588686' status='passed' stop='1653226588705'>
                    <name>GET /session/:sessionId/element/850676a2-aba1-4cdb-bc09-420677cee401/enabled</name>
                    <title>GET /session/:sessionId/element/850676a2-aba1-4cdb-bc09-420677cee401/enabled</title>
                    <attachments>
                        <attachment title='Response' source='15de9b17-dfc0-43ec-8464-50c3152dd72e-attachment.json' type='application/json' size='4'/>
                    </attachments>
                    <steps/>
                </step>
                <step start='1653226588705' status='passed' stop='1653226588732'>
                    <name>POST /session/:sessionId/element</name>
                    <title>POST /session/:sessionId/element</title>
                    <attachments>
                        <attachment title='Request' source='48837c5c-bd33-45aa-b02b-4e34f4dc0ac1-attachment.json' type='application/json' size='79'/>
                        <attachment title='Response' source='5f0c4a28-6c1f-40d7-bbc4-16afe0b3252e-attachment.json' type='application/json' size='83'/>
                    </attachments>
                    <steps/>
                </step>
                <step start='1653226588735' status='passed' stop='1653226588790'>
                    <name>POST /session/:sessionId/element/850676a2-aba1-4cdb-bc09-420677cee401/click</name>
                    <title>POST /session/:sessionId/element/850676a2-aba1-4cdb-bc09-420677cee401/click</title>
                    <attachments/>
                    <steps/>
                </step>
            </steps>
            <attachments/>
        </test-case>
        <test-case start='1653226589792' status='pending' stop='1653226589792'>
            <name>7.Verify if the list of advertisements are getting sorted successfully</name>
            <title>7.Verify if the list of advertisements are getting sorted successfully</title>
            <labels/>
            <parameters/>
            <steps/>
            <attachments/>
            <failure>
                <message>Test ignored</message>
                <stack-trace>undefined</stack-trace>
            </failure>
        </test-case>
        <test-case start='1653226589792' status='pending' stop='1653226589792'>
            <name>8.Verify the format of price</name>
            <title>8.Verify the format of price</title>
            <labels/>
            <parameters/>
            <steps/>
            <attachments/>
            <failure>
                <message>Test ignored</message>
                <stack-trace>undefined</stack-trace>
            </failure>
        </test-case>
        <test-case start='1653226589793' status='pending' stop='1653226589793'>
            <name>9.Verify on what condition, the save button is getting enabled??</name>
            <title>9.Verify on what condition, the save button is getting enabled??</title>
            <labels/>
            <parameters/>
            <steps/>
            <attachments/>
            <failure>
                <message>Test ignored</message>
                <stack-trace>undefined</stack-trace>
            </failure>
        </test-case>
    </test-cases>
</ns2:test-suite>